0 info it worked if it ends with ok
1 verbose cli [ '/Applications/meanstack-2.4.10-0/nodejs/bin/.node.bin',
1 verbose cli   '/Applications/meanstack-2.4.10-0/nodejs/bin/npm',
1 verbose cli   'start' ]
2 info using npm@1.4.3
3 info using node@v0.10.26
4 verbose run-script [ 'prestart', 'start', 'poststart' ]
5 info prestart mean-cms@
6 info start mean-cms@
7 verbose unsafe-perm in lifecycle true
8 info mean-cms@ Failed to exec start script
9 error mean-cms@ start: `node server.js`
9 error Exit status 8
10 error Failed at the mean-cms@ start script.
10 error This is most likely a problem with the mean-cms package,
10 error not with npm itself.
10 error Tell the author that this fails on your system:
10 error     node server.js
10 error You can get their info via:
10 error     npm owner ls mean-cms
10 error There is likely additional logging output above.
11 error System Darwin 13.2.0
12 error command "/Applications/meanstack-2.4.10-0/nodejs/bin/.node.bin" "/Applications/meanstack-2.4.10-0/nodejs/bin/npm" "start"
13 error cwd /Applications/meanstack-2.4.10-0/nodejs/mean-cms
14 error node -v v0.10.26
15 error npm -v 1.4.3
16 error code ELIFECYCLE
17 verbose exit [ 1, true ]
